<?xml version="1.0" encoding="UTF-8" ?>
<testsuite tests="6" failures="0" name="service.CashierTest" time="0.002" errors="0" skipped="0">
  <properties>
[...]
</properties>
  <testcase classname="service.CashierTest" name="service.CashierTest.test003" time="0.002"/>
  <testcase classname="service.CashierTest" name="service.CashierTest.test006" time="0"/>
  <testcase classname="service.CashierTest" name="service.CashierTest.test004" time="0"/>
  <testcase classname="service.CashierTest" name="service.CashierTest.test001" time="0"/>
  <testcase classname="service.CashierTest" name="service.CashierTest.test002" time="0"/>
  <testcase classname="service.CashierTest" name="service.CashierTest.test005" time="0"/>
</testsuite>